[2025-08-05 00:13:46Z INFO HostContext] No proxy settings were found based on environmental variables (http_proxy/https_proxy/HTTP_PROXY/HTTPS_PROXY)
[2025-08-05 00:13:46Z INFO HostContext] Well known directory 'Bin': '/Users/youssouphalam/Documents/cours-ci-cd/mes-tp/a-faire/uam-ci-cd-portfolio/actions-runner/bin'
[2025-08-05 00:13:46Z INFO HostContext] Well known directory 'Root': '/Users/youssouphalam/Documents/cours-ci-cd/mes-tp/a-faire/uam-ci-cd-portfolio/actions-runner'
[2025-08-05 00:13:46Z INFO HostContext] Well known config file 'Credentials': '/Users/youssouphalam/Documents/cours-ci-cd/mes-tp/a-faire/uam-ci-cd-portfolio/actions-runner/.credentials'
[2025-08-05 00:13:46Z INFO HostContext] Well known directory 'Bin': '/Users/youssouphalam/Documents/cours-ci-cd/mes-tp/a-faire/uam-ci-cd-portfolio/actions-runner/bin'
[2025-08-05 00:13:46Z INFO HostContext] Well known directory 'Root': '/Users/youssouphalam/Documents/cours-ci-cd/mes-tp/a-faire/uam-ci-cd-portfolio/actions-runner'
[2025-08-05 00:13:46Z INFO HostContext] Well known config file 'Runner': '/Users/youssouphalam/Documents/cours-ci-cd/mes-tp/a-faire/uam-ci-cd-portfolio/actions-runner/.runner'
[2025-08-05 00:13:46Z INFO Listener] Runner is built for OSX (X64) - osx-x64.
[2025-08-05 00:13:46Z INFO Listener] RuntimeInformation: Darwin 24.5.0 Darwin Kernel Version 24.5.0: Tue Apr 22 19:53:26 PDT 2025; root:xnu-11417.121.6~2/RELEASE_X86_64.
[2025-08-05 00:13:47Z INFO Listener] Version: 2.327.1
[2025-08-05 00:13:47Z INFO Listener] Commit: 9513afd82fbc900d13362cdd4fcdab0538f5124e
[2025-08-05 00:13:47Z INFO Listener] Culture: fr-SN
[2025-08-05 00:13:47Z INFO Listener] UI Culture: fr-SN
[2025-08-05 00:13:47Z INFO HostContext] Well known directory 'Bin': '/Users/youssouphalam/Documents/cours-ci-cd/mes-tp/a-faire/uam-ci-cd-portfolio/actions-runner/bin'
[2025-08-05 00:13:47Z INFO HostContext] Well known directory 'Root': '/Users/youssouphalam/Documents/cours-ci-cd/mes-tp/a-faire/uam-ci-cd-portfolio/actions-runner'
[2025-08-05 00:13:47Z INFO Listener] Validating directory permissions for: '/Users/youssouphalam/Documents/cours-ci-cd/mes-tp/a-faire/uam-ci-cd-portfolio/actions-runner'
[2025-08-05 00:13:47Z INFO CommandLineParser] Parse
[2025-08-05 00:13:47Z INFO CommandLineParser] Parsing 5 args
[2025-08-05 00:13:47Z INFO CommandLineParser] parsing argument
[2025-08-05 00:13:47Z INFO CommandLineParser] HasArgs: False
[2025-08-05 00:13:47Z INFO CommandLineParser] Adding Command: configure
[2025-08-05 00:13:47Z INFO CommandLineParser] parsing argument
[2025-08-05 00:13:47Z INFO CommandLineParser] HasArgs: True
[2025-08-05 00:13:47Z INFO CommandLineParser] arg: url
[2025-08-05 00:13:47Z INFO CommandLineParser] parsing argument
[2025-08-05 00:13:47Z INFO CommandLineParser] HasArgs: True
[2025-08-05 00:13:47Z INFO CommandLineParser] Adding option 'url': 'https://github.com/youssoulam/uam-ci-cd-portfolio'
[2025-08-05 00:13:47Z INFO CommandLineParser] parsing argument
[2025-08-05 00:13:47Z INFO CommandLineParser] HasArgs: True
[2025-08-05 00:13:47Z INFO CommandLineParser] arg: token
[2025-08-05 00:13:47Z INFO CommandLineParser] parsing argument
[2025-08-05 00:13:47Z INFO CommandLineParser] HasArgs: True
[2025-08-05 00:13:47Z INFO CommandLineParser] Adding option 'token': '***'
[2025-08-05 00:13:47Z INFO Listener] Arguments parsed
[2025-08-05 00:13:47Z INFO Runner] ExecuteCommand
[2025-08-05 00:13:47Z INFO ConfigurationStore] currentAssemblyLocation: /Users/youssouphalam/Documents/cours-ci-cd/mes-tp/a-faire/uam-ci-cd-portfolio/actions-runner/bin/Runner.Listener.dll
[2025-08-05 00:13:47Z INFO HostContext] Well known directory 'Bin': '/Users/youssouphalam/Documents/cours-ci-cd/mes-tp/a-faire/uam-ci-cd-portfolio/actions-runner/bin'
[2025-08-05 00:13:47Z INFO ConfigurationStore] binPath: /Users/youssouphalam/Documents/cours-ci-cd/mes-tp/a-faire/uam-ci-cd-portfolio/actions-runner/bin
[2025-08-05 00:13:47Z INFO HostContext] Well known directory 'Bin': '/Users/youssouphalam/Documents/cours-ci-cd/mes-tp/a-faire/uam-ci-cd-portfolio/actions-runner/bin'
[2025-08-05 00:13:47Z INFO HostContext] Well known directory 'Root': '/Users/youssouphalam/Documents/cours-ci-cd/mes-tp/a-faire/uam-ci-cd-portfolio/actions-runner'
[2025-08-05 00:13:47Z INFO ConfigurationStore] RootFolder: /Users/youssouphalam/Documents/cours-ci-cd/mes-tp/a-faire/uam-ci-cd-portfolio/actions-runner
[2025-08-05 00:13:47Z INFO HostContext] Well known directory 'Bin': '/Users/youssouphalam/Documents/cours-ci-cd/mes-tp/a-faire/uam-ci-cd-portfolio/actions-runner/bin'
[2025-08-05 00:13:47Z INFO HostContext] Well known directory 'Root': '/Users/youssouphalam/Documents/cours-ci-cd/mes-tp/a-faire/uam-ci-cd-portfolio/actions-runner'
[2025-08-05 00:13:47Z INFO HostContext] Well known config file 'Runner': '/Users/youssouphalam/Documents/cours-ci-cd/mes-tp/a-faire/uam-ci-cd-portfolio/actions-runner/.runner'
[2025-08-05 00:13:47Z INFO ConfigurationStore] ConfigFilePath: /Users/youssouphalam/Documents/cours-ci-cd/mes-tp/a-faire/uam-ci-cd-portfolio/actions-runner/.runner
[2025-08-05 00:13:47Z INFO HostContext] Well known directory 'Bin': '/Users/youssouphalam/Documents/cours-ci-cd/mes-tp/a-faire/uam-ci-cd-portfolio/actions-runner/bin'
[2025-08-05 00:13:47Z INFO HostContext] Well known directory 'Root': '/Users/youssouphalam/Documents/cours-ci-cd/mes-tp/a-faire/uam-ci-cd-portfolio/actions-runner'
[2025-08-05 00:13:47Z INFO HostContext] Well known config file 'MigratedRunner': '/Users/youssouphalam/Documents/cours-ci-cd/mes-tp/a-faire/uam-ci-cd-portfolio/actions-runner/.runner_migrated'
[2025-08-05 00:13:47Z INFO ConfigurationStore] MigratedConfigFilePath: /Users/youssouphalam/Documents/cours-ci-cd/mes-tp/a-faire/uam-ci-cd-portfolio/actions-runner/.runner_migrated
[2025-08-05 00:13:47Z INFO HostContext] Well known directory 'Bin': '/Users/youssouphalam/Documents/cours-ci-cd/mes-tp/a-faire/uam-ci-cd-portfolio/actions-runner/bin'
[2025-08-05 00:13:47Z INFO HostContext] Well known directory 'Root': '/Users/youssouphalam/Documents/cours-ci-cd/mes-tp/a-faire/uam-ci-cd-portfolio/actions-runner'
[2025-08-05 00:13:47Z INFO HostContext] Well known config file 'Credentials': '/Users/youssouphalam/Documents/cours-ci-cd/mes-tp/a-faire/uam-ci-cd-portfolio/actions-runner/.credentials'
[2025-08-05 00:13:47Z INFO ConfigurationStore] CredFilePath: /Users/youssouphalam/Documents/cours-ci-cd/mes-tp/a-faire/uam-ci-cd-portfolio/actions-runner/.credentials
[2025-08-05 00:13:47Z INFO HostContext] Well known directory 'Bin': '/Users/youssouphalam/Documents/cours-ci-cd/mes-tp/a-faire/uam-ci-cd-portfolio/actions-runner/bin'
[2025-08-05 00:13:47Z INFO HostContext] Well known directory 'Root': '/Users/youssouphalam/Documents/cours-ci-cd/mes-tp/a-faire/uam-ci-cd-portfolio/actions-runner'
[2025-08-05 00:13:47Z INFO HostContext] Well known config file 'MigratedCredentials': '/Users/youssouphalam/Documents/cours-ci-cd/mes-tp/a-faire/uam-ci-cd-portfolio/actions-runner/.credentials_migrated'
[2025-08-05 00:13:47Z INFO ConfigurationStore] MigratedCredFilePath: /Users/youssouphalam/Documents/cours-ci-cd/mes-tp/a-faire/uam-ci-cd-portfolio/actions-runner/.credentials_migrated
[2025-08-05 00:13:47Z INFO HostContext] Well known directory 'Bin': '/Users/youssouphalam/Documents/cours-ci-cd/mes-tp/a-faire/uam-ci-cd-portfolio/actions-runner/bin'
[2025-08-05 00:13:47Z INFO HostContext] Well known directory 'Root': '/Users/youssouphalam/Documents/cours-ci-cd/mes-tp/a-faire/uam-ci-cd-portfolio/actions-runner'
[2025-08-05 00:13:47Z INFO HostContext] Well known config file 'Service': '/Users/youssouphalam/Documents/cours-ci-cd/mes-tp/a-faire/uam-ci-cd-portfolio/actions-runner/.service'
[2025-08-05 00:13:47Z INFO ConfigurationStore] ServiceConfigFilePath: /Users/youssouphalam/Documents/cours-ci-cd/mes-tp/a-faire/uam-ci-cd-portfolio/actions-runner/.service
[2025-08-05 00:13:47Z INFO CommandSettings] Flag 'help': 'False'
[2025-08-05 00:13:47Z INFO CommandSettings] Flag 'version': 'False'
[2025-08-05 00:13:47Z INFO CommandSettings] Flag 'commit': 'False'
[2025-08-05 00:13:47Z INFO CommandSettings] Flag 'check': 'False'
[2025-08-05 00:13:47Z INFO CommandSettings] Command 'configure': 'True'
[2025-08-05 00:13:47Z INFO Terminal] WRITE LINE: 
[2025-08-05 00:13:47Z INFO Terminal] WRITE LINE: --------------------------------------------------------------------------------
[2025-08-05 00:13:47Z INFO Terminal] WRITE LINE: |        ____ _ _   _   _       _          _        _   _                      |
[2025-08-05 00:13:47Z INFO Terminal] WRITE LINE: |       / ___(_) |_| | | |_   _| |__      / \   ___| |_(_) ___  _ __  ___      |
[2025-08-05 00:13:47Z INFO Terminal] WRITE LINE: |      | |  _| | __| |_| | | | | '_ \    / _ \ / __| __| |/ _ \| '_ \/ __|     |
[2025-08-05 00:13:47Z INFO Terminal] WRITE LINE: |      | |_| | | |_|  _  | |_| | |_) |  / ___ \ (__| |_| | (_) | | | \__ \     |
[2025-08-05 00:13:47Z INFO Terminal] WRITE LINE: |       \____|_|\__|_| |_|\__,_|_.__/  /_/   \_\___|\__|_|\___/|_| |_|___/     |
[2025-08-05 00:13:47Z INFO Terminal] WRITE LINE: |                                                                              |
[2025-08-05 00:13:47Z INFO Terminal] WRITE: |                       
[2025-08-05 00:13:47Z INFO Terminal] WRITE: Self-hosted runner registration
[2025-08-05 00:13:47Z INFO Terminal] WRITE LINE:                         |
[2025-08-05 00:13:47Z INFO Terminal] WRITE LINE: |                                                                              |
[2025-08-05 00:13:47Z INFO Terminal] WRITE LINE: --------------------------------------------------------------------------------
[2025-08-05 00:13:47Z INFO ConfigurationManager] ConfigureAsync
[2025-08-05 00:13:47Z INFO CommandSettings] Flag 'generateServiceConfig': 'False'
[2025-08-05 00:13:47Z INFO ConfigurationStore] IsConfigured()
[2025-08-05 00:13:47Z INFO ConfigurationStore] IsConfigured: False
[2025-08-05 00:13:47Z INFO ConfigurationManager] Is configured: False
[2025-08-05 00:13:47Z INFO CommandSettings] Arg 'url': 'https://github.com/youssoulam/uam-ci-cd-portfolio'
[2025-08-05 00:13:47Z INFO CommandSettings] Remove url from Arg dictionary.
[2025-08-05 00:13:47Z INFO CommandSettings] Arg 'token': '***'
[2025-08-05 00:13:47Z INFO CommandSettings] Remove token from Arg dictionary.
[2025-08-05 00:13:52Z INFO ConfigurationManager] Http response code: OK from 'POST https://api.github.com/actions/runner-registration' (D922:1A2C01:57FE2A:54CD0B:68914CBF)
[2025-08-05 00:13:52Z INFO ConfigurationManager] Using V2 flow: False
[2025-08-05 00:13:52Z INFO ConfigurationManager] cred retrieved via GitHub auth
[2025-08-05 00:13:52Z INFO RunnerServer] EstablishVssConnection
[2025-08-05 00:13:52Z INFO RunnerServer] Establish connection with 100 seconds timeout.
[2025-08-05 00:13:53Z INFO GitHubActionsService] Starting operation Location.GetConnectionData
[2025-08-05 00:13:53Z INFO RunnerServer] EstablishVssConnection
[2025-08-05 00:13:53Z INFO RunnerServer] Establish connection with 60 seconds timeout.
[2025-08-05 00:13:53Z INFO GitHubActionsService] Starting operation Location.GetConnectionData
[2025-08-05 00:13:53Z INFO RunnerServer] EstablishVssConnection
[2025-08-05 00:13:53Z INFO RunnerServer] Establish connection with 60 seconds timeout.
[2025-08-05 00:13:53Z INFO GitHubActionsService] Starting operation Location.GetConnectionData
[2025-08-05 00:13:54Z INFO GitHubActionsService] Finished operation Location.GetConnectionData
[2025-08-05 00:13:54Z INFO GitHubActionsService] Finished operation Location.GetConnectionData
[2025-08-05 00:13:54Z INFO GitHubActionsService] Finished operation Location.GetConnectionData
[2025-08-05 00:13:54Z INFO Terminal] WRITE LINE: 
[2025-08-05 00:13:54Z INFO ConfigurationManager] Test Connection complete.
[2025-08-05 00:13:54Z INFO HostContext] Well known directory 'Bin': '/Users/youssouphalam/Documents/cours-ci-cd/mes-tp/a-faire/uam-ci-cd-portfolio/actions-runner/bin'
[2025-08-05 00:13:54Z INFO HostContext] Well known directory 'Root': '/Users/youssouphalam/Documents/cours-ci-cd/mes-tp/a-faire/uam-ci-cd-portfolio/actions-runner'
[2025-08-05 00:13:54Z INFO HostContext] Well known config file 'RSACredentials': '/Users/youssouphalam/Documents/cours-ci-cd/mes-tp/a-faire/uam-ci-cd-portfolio/actions-runner/.credentials_rsaparams'
[2025-08-05 00:13:54Z INFO RSAFileKeyManager] Creating new RSA key using 2048-bit key length
[2025-08-05 00:13:54Z INFO RSAFileKeyManager] Successfully saved RSA key parameters to file /Users/youssouphalam/Documents/cours-ci-cd/mes-tp/a-faire/uam-ci-cd-portfolio/actions-runner/.credentials_rsaparams
[2025-08-05 00:13:54Z INFO RSAFileKeyManager] Which2: 'chmod'
[2025-08-05 00:13:54Z INFO RSAFileKeyManager] Location: '/bin/chmod'
[2025-08-05 00:13:54Z INFO HostContext] Well known directory 'Bin': '/Users/youssouphalam/Documents/cours-ci-cd/mes-tp/a-faire/uam-ci-cd-portfolio/actions-runner/bin'
[2025-08-05 00:13:54Z INFO HostContext] Well known directory 'Root': '/Users/youssouphalam/Documents/cours-ci-cd/mes-tp/a-faire/uam-ci-cd-portfolio/actions-runner'
[2025-08-05 00:13:54Z INFO ProcessInvokerWrapper] Starting process:
[2025-08-05 00:13:54Z INFO ProcessInvokerWrapper]   File name: '/bin/chmod'
[2025-08-05 00:13:54Z INFO ProcessInvokerWrapper]   Arguments: '600 /Users/youssouphalam/Documents/cours-ci-cd/mes-tp/a-faire/uam-ci-cd-portfolio/actions-runner/.credentials_rsaparams'
[2025-08-05 00:13:54Z INFO ProcessInvokerWrapper]   Working directory: '/Users/youssouphalam/Documents/cours-ci-cd/mes-tp/a-faire/uam-ci-cd-portfolio/actions-runner'
[2025-08-05 00:13:54Z INFO ProcessInvokerWrapper]   Require exit code zero: 'False'
[2025-08-05 00:13:54Z INFO ProcessInvokerWrapper]   Encoding web name:  ; code page: ''
[2025-08-05 00:13:54Z INFO ProcessInvokerWrapper]   Force kill process on cancellation: 'False'
[2025-08-05 00:13:54Z INFO ProcessInvokerWrapper]   Redirected STDIN: 'False'
[2025-08-05 00:13:54Z INFO ProcessInvokerWrapper]   Persist current code page: 'False'
[2025-08-05 00:13:54Z INFO ProcessInvokerWrapper]   Keep redirected STDIN open: 'False'
[2025-08-05 00:13:54Z INFO ProcessInvokerWrapper]   High priority process: 'False'
[2025-08-05 00:13:55Z INFO ProcessInvokerWrapper] Process started with process id 24160, waiting for process exit.
[2025-08-05 00:13:55Z INFO ProcessInvokerWrapper] STDOUT/STDERR stream read finished.
[2025-08-05 00:13:55Z INFO ProcessInvokerWrapper] STDOUT/STDERR stream read finished.
[2025-08-05 00:13:55Z INFO ProcessInvokerWrapper] Finished process 24160 with exit code 0, and elapsed time 00:00:00.2672670.
[2025-08-05 00:13:55Z INFO RSAFileKeyManager] Successfully set permissions for RSA key parameters file /Users/youssouphalam/Documents/cours-ci-cd/mes-tp/a-faire/uam-ci-cd-portfolio/actions-runner/.credentials_rsaparams
[2025-08-05 00:13:55Z INFO CommandSettings] Arg 'runnergroup': ''
[2025-08-05 00:13:55Z INFO CommandSettings] Flag 'unattended': 'False'
[2025-08-05 00:13:55Z INFO PromptManager] ReadValue
[2025-08-05 00:13:55Z INFO Terminal] WRITE: Enter the name of the runner group to add this runner to: 
[2025-08-05 00:13:55Z INFO Terminal] WRITE: [press Enter for Default] 
[2025-08-05 00:13:55Z INFO Terminal] READ LINE
[2025-08-05 00:13:57Z INFO Terminal] Read value: ''
[2025-08-05 00:13:57Z INFO PromptManager] Falling back to the default: 'Default'
[2025-08-05 00:13:57Z INFO Terminal] WRITE LINE: 
[2025-08-05 00:13:57Z INFO ConfigurationManager] Found a self-hosted runner group with id 1 and name Default
[2025-08-05 00:13:57Z INFO CommandSettings] Flag 'disableupdate': 'False'
[2025-08-05 00:13:57Z INFO CommandSettings] Flag 'ephemeral': 'False'
[2025-08-05 00:13:57Z INFO CommandSettings] Arg 'name': ''
[2025-08-05 00:13:57Z INFO CommandSettings] Flag 'unattended': 'False'
[2025-08-05 00:13:57Z INFO PromptManager] ReadValue
[2025-08-05 00:13:57Z INFO Terminal] WRITE: Enter the name of runner: 
[2025-08-05 00:13:57Z INFO Terminal] WRITE: [press Enter for macbookpro] 
[2025-08-05 00:13:57Z INFO Terminal] READ LINE
[2025-08-05 00:13:57Z INFO Terminal] Read value: ''
[2025-08-05 00:13:57Z INFO PromptManager] Falling back to the default: 'macbookpro'
[2025-08-05 00:13:57Z INFO Terminal] WRITE LINE: 
[2025-08-05 00:13:57Z INFO CommandSettings] Arg 'labels': ''
[2025-08-05 00:13:57Z INFO CommandSettings] Flag 'unattended': 'False'
[2025-08-05 00:13:57Z INFO PromptManager] ReadValue
[2025-08-05 00:13:57Z INFO Terminal] WRITE: This runner will have the following labels: 'self-hosted', 'macOS', 'X64' 
Enter any additional labels (ex. label-1,label-2): 
[2025-08-05 00:13:57Z INFO Terminal] WRITE: [press Enter to skip] 
[2025-08-05 00:13:57Z INFO Terminal] READ LINE
[2025-08-05 00:13:58Z INFO Terminal] Read value: ''
[2025-08-05 00:13:58Z INFO Terminal] WRITE LINE: 
[2025-08-05 00:13:58Z INFO CommandSettings] Flag 'disableupdate': 'False'
[2025-08-05 00:13:58Z INFO CommandSettings] Flag 'no-default-labels': 'False'
[2025-08-05 00:13:58Z INFO CommandSettings] Flag 'disableupdate': 'False'
[2025-08-05 00:13:58Z INFO CommandSettings] Flag 'ephemeral': 'False'
[2025-08-05 00:13:58Z INFO ConfigurationStore] Saving OAuth credential @ /Users/youssouphalam/Documents/cours-ci-cd/mes-tp/a-faire/uam-ci-cd-portfolio/actions-runner/.credentials
[2025-08-05 00:13:58Z INFO ConfigurationStore] Credentials Saved.
[2025-08-05 00:13:58Z INFO ConfigurationStore] HasCredentials()
[2025-08-05 00:13:58Z INFO ConfigurationStore] stored True
[2025-08-05 00:13:58Z INFO CredentialManager] GetCredentialProvider
[2025-08-05 00:13:58Z INFO CredentialManager] Creating type OAuth
[2025-08-05 00:13:58Z INFO CredentialManager] Creating credential type: OAuth
[2025-08-05 00:13:58Z INFO RSAFileKeyManager] Loading RSA key parameters from file /Users/youssouphalam/Documents/cours-ci-cd/mes-tp/a-faire/uam-ci-cd-portfolio/actions-runner/.credentials_rsaparams
[2025-08-05 00:13:58Z INFO RunnerServer] EstablishVssConnection
[2025-08-05 00:13:58Z INFO RunnerServer] Establish connection with 100 seconds timeout.
[2025-08-05 00:13:58Z INFO GitHubActionsService] Starting operation Location.GetConnectionData
[2025-08-05 00:13:58Z INFO RunnerServer] EstablishVssConnection
[2025-08-05 00:13:58Z INFO RunnerServer] Establish connection with 60 seconds timeout.
[2025-08-05 00:13:58Z INFO GitHubActionsService] Starting operation Location.GetConnectionData
[2025-08-05 00:13:58Z INFO RunnerServer] EstablishVssConnection
[2025-08-05 00:13:58Z INFO RunnerServer] Establish connection with 60 seconds timeout.
[2025-08-05 00:13:58Z INFO GitHubActionsService] Starting operation Location.GetConnectionData
[2025-08-05 00:13:59Z INFO GitHubActionsService] Finished operation Location.GetConnectionData
[2025-08-05 00:13:59Z INFO GitHubActionsService] Finished operation Location.GetConnectionData
[2025-08-05 00:13:59Z INFO GitHubActionsService] Finished operation Location.GetConnectionData
[2025-08-05 00:13:59Z INFO RSAFileKeyManager] Loading RSA key parameters from file /Users/youssouphalam/Documents/cours-ci-cd/mes-tp/a-faire/uam-ci-cd-portfolio/actions-runner/.credentials_rsaparams
[2025-08-05 00:13:59Z INFO RSAFileKeyManager] Loading RSA key parameters from file /Users/youssouphalam/Documents/cours-ci-cd/mes-tp/a-faire/uam-ci-cd-portfolio/actions-runner/.credentials_rsaparams
[2025-08-05 00:14:00Z INFO GitHubActionsService] AAD Correlation ID for this token request: Unknown
[2025-08-05 00:14:00Z INFO ConfigurationManager] Service enforced serverUrlV2: https://broker.actions.githubusercontent.com/
[2025-08-05 00:14:00Z INFO ConfigurationManager] Service enforced useV2Flow: True
[2025-08-05 00:14:00Z INFO CommandSettings] Arg 'work': ''
[2025-08-05 00:14:00Z INFO CommandSettings] Flag 'unattended': 'False'
[2025-08-05 00:14:00Z INFO PromptManager] ReadValue
[2025-08-05 00:14:00Z INFO Terminal] WRITE: Enter name of work folder: 
[2025-08-05 00:14:00Z INFO Terminal] WRITE: [press Enter for _work] 
[2025-08-05 00:14:00Z INFO Terminal] READ LINE
[2025-08-05 00:14:00Z INFO Terminal] Read value: ''
[2025-08-05 00:14:00Z INFO PromptManager] Falling back to the default: '_work'
[2025-08-05 00:14:00Z INFO ConfigurationStore] Saving runner settings.
[2025-08-05 00:14:00Z INFO ConfigurationStore] Settings Saved.
[2025-08-05 00:14:00Z INFO Terminal] WRITE LINE: 
[2025-08-05 00:14:00Z INFO Terminal] WRITE LINE: 
[2025-08-05 00:14:00Z INFO OsxServiceControlManager] Service name 'actions.runner.youssoulam-uam-ci-cd-portfolio.macbookpro' display name 'GitHub Actions Runner (youssoulam-uam-ci-cd-portfolio.macbookpro)' will be used for service configuration.
[2025-08-05 00:14:00Z INFO HostContext] Well known directory 'Bin': '/Users/youssouphalam/Documents/cours-ci-cd/mes-tp/a-faire/uam-ci-cd-portfolio/actions-runner/bin'
[2025-08-05 00:14:00Z INFO HostContext] Well known directory 'Root': '/Users/youssouphalam/Documents/cours-ci-cd/mes-tp/a-faire/uam-ci-cd-portfolio/actions-runner'
[2025-08-05 00:14:00Z INFO HostContext] Well known directory 'Bin': '/Users/youssouphalam/Documents/cours-ci-cd/mes-tp/a-faire/uam-ci-cd-portfolio/actions-runner/bin'
[2025-08-05 00:14:00Z INFO HostContext] Well known directory 'Bin': '/Users/youssouphalam/Documents/cours-ci-cd/mes-tp/a-faire/uam-ci-cd-portfolio/actions-runner/bin'
[2025-08-05 00:14:00Z INFO HostContext] Well known directory 'Root': '/Users/youssouphalam/Documents/cours-ci-cd/mes-tp/a-faire/uam-ci-cd-portfolio/actions-runner'
[2025-08-05 00:14:00Z INFO UnixUtil] Which2: 'chmod'
[2025-08-05 00:14:00Z INFO UnixUtil] Location: '/bin/chmod'
[2025-08-05 00:14:00Z INFO UnixUtil] Running /bin/chmod 755 "/Users/youssouphalam/Documents/cours-ci-cd/mes-tp/a-faire/uam-ci-cd-portfolio/actions-runner/svc.sh"
[2025-08-05 00:14:00Z INFO ProcessInvokerWrapper] Starting process:
[2025-08-05 00:14:00Z INFO ProcessInvokerWrapper]   File name: '/bin/chmod'
[2025-08-05 00:14:00Z INFO ProcessInvokerWrapper]   Arguments: '755 "/Users/youssouphalam/Documents/cours-ci-cd/mes-tp/a-faire/uam-ci-cd-portfolio/actions-runner/svc.sh"'
[2025-08-05 00:14:00Z INFO ProcessInvokerWrapper]   Working directory: '/Users/youssouphalam/Documents/cours-ci-cd/mes-tp/a-faire/uam-ci-cd-portfolio/actions-runner'
[2025-08-05 00:14:00Z INFO ProcessInvokerWrapper]   Require exit code zero: 'True'
[2025-08-05 00:14:00Z INFO ProcessInvokerWrapper]   Encoding web name:  ; code page: ''
[2025-08-05 00:14:00Z INFO ProcessInvokerWrapper]   Force kill process on cancellation: 'False'
[2025-08-05 00:14:00Z INFO ProcessInvokerWrapper]   Redirected STDIN: 'False'
[2025-08-05 00:14:00Z INFO ProcessInvokerWrapper]   Persist current code page: 'False'
[2025-08-05 00:14:00Z INFO ProcessInvokerWrapper]   Keep redirected STDIN open: 'False'
[2025-08-05 00:14:00Z INFO ProcessInvokerWrapper]   High priority process: 'False'
[2025-08-05 00:14:00Z INFO ProcessInvokerWrapper] Process started with process id 24173, waiting for process exit.
[2025-08-05 00:14:00Z INFO ProcessInvokerWrapper] STDOUT/STDERR stream read finished.
[2025-08-05 00:14:00Z INFO ProcessInvokerWrapper] STDOUT/STDERR stream read finished.
[2025-08-05 00:14:00Z INFO ProcessInvokerWrapper] Finished process 24173 with exit code 0, and elapsed time 00:00:00.0097832.
[2025-08-05 00:14:00Z INFO Listener] Runner execution has finished with return code 0
